[debug] [2019-07-05T10:52:04.444Z] ----------------------------------------------------------------------
[debug] [2019-07-05T10:52:04.446Z] Command:       /home/vincent/.nvm/versions/node/v10.15.0/bin/node /home/vincent/Documents/Develop/Web/WorldBrain/simple-singalling/node_modules/.bin/firebase emulators:start --only database
[debug] [2019-07-05T10:52:04.446Z] CLI Version:   7.0.2
[debug] [2019-07-05T10:52:04.446Z] Platform:      linux
[debug] [2019-07-05T10:52:04.446Z] Node Version:  v10.15.0
[debug] [2019-07-05T10:52:04.447Z] Time:          Fri Jul 05 2019 12:52:04 GMT+0200 (Central European Summer Time)
[debug] [2019-07-05T10:52:04.447Z] ----------------------------------------------------------------------
[debug] 
[debug] [2019-07-05T10:52:04.454Z] > command requires scopes: ["email","openid","https://www.googleapis.com/auth/cloudplatformprojects.readonly","https://www.googleapis.com/auth/firebase","https://www.googleapis.com/auth/cloud-platform"]
[debug] [2019-07-05T10:52:04.454Z] > authorizing via signed-in user
[debug] [2019-07-05T10:52:04.456Z] >>> HTTP REQUEST GET https://cloudresourcemanager.googleapis.com/v1/projects/storex-89b19  
 
[debug] [2019-07-05T10:52:05.510Z] <<< HTTP RESPONSE 200
[info] i  Starting emulators: ["database"]
[debug] [2019-07-05T10:52:05.538Z] Starting emulator database with args {"host":"localhost","port":9000}
[info] i  database: Logging to database-debug.log
[info] ✔  database: Emulator started at http://localhost:9000
[debug] [2019-07-05T10:52:06.207Z] WARNING: An illegal reflective access operation has occurred
WARNING: Illegal reflective access by io.netty.util.internal.ReflectionUtil (file:/home/vincent/.cache/firebase/emulators/firebase-database-emulator-v4.0.0.jar) to field sun.nio.ch.SelectorImpl.selectedKeys
WARNING: Please consider reporting this to the maintainers of io.netty.util.internal.ReflectionUtil
WARNING: Use --illegal-access=warn to enable warnings of further illegal reflective access operations
WARNING: All illegal access operations will be denied in a future release

[debug] [2019-07-05T10:52:06.732Z] 12:52:06.731 [NamespaceSystem-akka.actor.default-dispatcher-2] INFO akka.event.slf4j.Slf4jLogger - Slf4jLogger started

[debug] [2019-07-05T10:52:06.863Z] 12:52:06.862 [main] INFO com.firebase.server.forge.App$ - Listening on port 9000

